<?xml version="1.0" encoding="UTF-8"?>
<!-- Generated by org.testng.reporters.JUnitReportReporter -->
<testsuite hostname="LAPTOP-KE5HNIIP" failures="0" tests="1" name="scripts.InvalidLogin" time="17.711" errors="0" timestamp="2021-12-24T08:19:41 IST" skipped="0">
  <testcase classname="scripts.InvalidLogin" name="testInvalidLogin" time="17.711"/>
  <system-out/>
</testsuite> <!-- scripts.InvalidLogin -->
