<?xml version="1.0" encoding="UTF-8"?>
<!-- Generated by org.testng.reporters.JUnitReportReporter -->
<testsuite hostname="LAPTOP-KE5HNIIP" failures="0" tests="1" name="scripts.ValidLogin" time="21.850" errors="0" timestamp="2021-12-23T22:06:26 IST" skipped="0">
  <testcase classname="scripts.ValidLogin" name="testValidLogin" time="21.850"/>
  <system-out/>
</testsuite> <!-- scripts.ValidLogin -->
