<?xml version="1.0" encoding="UTF-8"?>
<!-- Generated by org.testng.reporters.JUnitReportReporter -->
<testsuite hostname="LAPTOP-KE5HNIIP" failures="0" tests="1" name="scripts.ValidLogin" time="20.659" errors="0" timestamp="2021-12-24T08:19:07 IST" skipped="0">
  <testcase classname="scripts.ValidLogin" name="testValidLogin" time="20.659"/>
  <system-out/>
</testsuite> <!-- scripts.ValidLogin -->
