<?xml version="1.0" encoding="UTF-8"?>
<!-- Generated by org.testng.reporters.JUnitReportReporter -->
<testsuite hostname="LAPTOP-KE5HNIIP" failures="0" tests="1" name="scripts.ValidLogin" time="15.336" errors="0" timestamp="2021-12-24T08:20:41 IST" skipped="0">
  <testcase classname="scripts.ValidLogin" name="testValidLogin" time="15.336"/>
  <system-out/>
</testsuite> <!-- scripts.ValidLogin -->
